21-Nov-2025 11:40:55.512 INFO [main] org.apache.catalina.startup.VersionLoggerListener.log Server version name:   Apache Tomcat/10.1.49
21-Nov-2025 11:40:55.520 INFO [main] org.apache.catalina.startup.VersionLoggerListener.log Server built:          Nov 6 2025 01:31:11 UTC
21-Nov-2025 11:40:55.520 INFO [main] org.apache.catalina.startup.VersionLoggerListener.log Server version number: 10.1.49.0
21-Nov-2025 11:40:55.521 INFO [main] org.apache.catalina.startup.VersionLoggerListener.log OS Name:               Windows 11
21-Nov-2025 11:40:55.521 INFO [main] org.apache.catalina.startup.VersionLoggerListener.log OS Version:            10.0
21-Nov-2025 11:40:55.521 INFO [main] org.apache.catalina.startup.VersionLoggerListener.log Architecture:          amd64
21-Nov-2025 11:40:55.521 INFO [main] org.apache.catalina.startup.VersionLoggerListener.log Java Home:             C:\Program Files\Java\jdk-25
21-Nov-2025 11:40:55.522 INFO [main] org.apache.catalina.startup.VersionLoggerListener.log JVM Version:           25.0.1+8-LTS-27
21-Nov-2025 11:40:55.522 INFO [main] org.apache.catalina.startup.VersionLoggerListener.log JVM Vendor:            Oracle Corporation
21-Nov-2025 11:40:55.522 INFO [main] org.apache.catalina.startup.VersionLoggerListener.log CATALINA_BASE:         C:\Users\hshin\IdeaProjects\MiniEcommerce\src\main\webapp
21-Nov-2025 11:40:55.522 INFO [main] org.apache.catalina.startup.VersionLoggerListener.log CATALINA_HOME:         C:\Program Files\Apache Software Foundation\Tomcat 10.1
21-Nov-2025 11:40:55.545 INFO [main] org.apache.catalina.startup.VersionLoggerListener.log Command line argument: --add-opens=java.base/java.lang=ALL-UNNAMED
21-Nov-2025 11:40:55.546 INFO [main] org.apache.catalina.startup.VersionLoggerListener.log Command line argument: --add-opens=java.base/java.io=ALL-UNNAMED
21-Nov-2025 11:40:55.546 INFO [main] org.apache.catalina.startup.VersionLoggerListener.log Command line argument: --add-opens=java.base/java.util=ALL-UNNAMED
21-Nov-2025 11:40:55.546 INFO [main] org.apache.catalina.startup.VersionLoggerListener.log Command line argument: --add-opens=java.base/java.util.concurrent=ALL-UNNAMED
21-Nov-2025 11:40:55.546 INFO [main] org.apache.catalina.startup.VersionLoggerListener.log Command line argument: --add-opens=java.rmi/sun.rmi.transport=ALL-UNNAMED
21-Nov-2025 11:40:55.547 INFO [main] org.apache.catalina.startup.VersionLoggerListener.log Command line argument: -Dcatalina.home=C:\Program Files\Apache Software Foundation\Tomcat 10.1
21-Nov-2025 11:40:55.547 INFO [main] org.apache.catalina.startup.VersionLoggerListener.log Command line argument: -Dcatalina.base=C:\Users\hshin\IdeaProjects\MiniEcommerce\src\main\webapp
21-Nov-2025 11:40:55.547 INFO [main] org.apache.catalina.startup.VersionLoggerListener.log Command line argument: -Djava.io.tmpdir=C:\Users\hshin\IdeaProjects\MiniEcommerce\src\main\webapp\temp
21-Nov-2025 11:40:55.547 INFO [main] org.apache.catalina.startup.VersionLoggerListener.log Command line argument: -Djava.util.logging.config.file=C:\Users\hshin\IdeaProjects\MiniEcommerce\src\main\webapp\conf\logging.properties
21-Nov-2025 11:40:55.547 INFO [main] org.apache.catalina.startup.VersionLoggerListener.log Command line argument: -Djava.util.logging.manager=org.apache.juli.ClassLoaderLogManager
21-Nov-2025 11:40:55.548 INFO [main] org.apache.catalina.startup.VersionLoggerListener.log Command line argument: -javaagent:C:\Program Files\JetBrains\IntelliJ IDEA Community Edition 2025.2.4\lib\idea_rt.jar=51374
21-Nov-2025 11:40:55.548 INFO [main] org.apache.catalina.startup.VersionLoggerListener.log Command line argument: -Dfile.encoding=UTF-8
21-Nov-2025 11:40:55.548 INFO [main] org.apache.catalina.startup.VersionLoggerListener.log Command line argument: -Dsun.stdout.encoding=UTF-8
21-Nov-2025 11:40:55.548 INFO [main] org.apache.catalina.startup.VersionLoggerListener.log Command line argument: -Dsun.stderr.encoding=UTF-8
21-Nov-2025 11:40:55.564 INFO [main] org.apache.catalina.core.AprLifecycleListener.lifecycleEvent The Apache Tomcat Native library which allows using OpenSSL was not found on the java.library.path: [C:\Program Files\Java\jdk-25\bin;C:\WINDOWS\Sun\Java\bin;C:\WINDOWS\system32;C:\WINDOWS;C:\Program Files\Common Files\Oracle\Java\javapath;C:\WINDOWS\system32;C:\WINDOWS;C:\WINDOWS\System32\Wbem;C:\WINDOWS\System32\WindowsPowerShell\v1.0\;C:\WINDOWS\System32\OpenSSH\;C:\Program Files\Java\jdk-25\bin;C:\Program Files\MySQL\MySQL Server 8.0\bin;C:\Program Files\MySQL\MySQL Shell 8.0\bin\;C:\Users\hshin\AppData\Local\Programs\Python\Python314\Scripts\;C:\Users\hshin\AppData\Local\Programs\Python\Python314\;C:\Users\hshin\AppData\Local\Programs\Python\Launcher\;C:\Users\hshin\AppData\Local\Microsoft\WindowsApps;;.]
21-Nov-2025 11:40:56.284 INFO [main] org.apache.coyote.AbstractProtocol.init Initializing ProtocolHandler ["http-nio-8080"]
21-Nov-2025 11:40:56.320 INFO [main] org.apache.catalina.startup.Catalina.load Server initialization in [1287] milliseconds
21-Nov-2025 11:40:56.415 INFO [main] org.apache.catalina.core.StandardService.startInternal Starting service [Catalina]
21-Nov-2025 11:40:56.415 INFO [main] org.apache.catalina.core.StandardEngine.startInternal Starting Servlet engine: [Apache Tomcat/10.1.49]
21-Nov-2025 11:40:56.438 INFO [main] org.apache.catalina.startup.HostConfig.deployDescriptor Deploying deployment descriptor [C:\Users\hshin\IdeaProjects\MiniEcommerce\src\main\webapp\conf\Catalina\localhost\ROOT.xml]
21-Nov-2025 11:40:57.744 INFO [main] org.apache.jasper.servlet.TldScanner.scanJars At least one JAR was scanned for TLDs yet contained no TLDs. Enable debug logging for this logger for a complete list of JARs that were scanned but no TLDs were found in them. Skipping unneeded JARs during scanning can improve startup time and JSP compilation time.
21-Nov-2025 11:40:57.834 INFO [main] org.apache.catalina.startup.HostConfig.deployDescriptor Deployment of deployment descriptor [C:\Users\hshin\IdeaProjects\MiniEcommerce\src\main\webapp\conf\Catalina\localhost\ROOT.xml] has finished in [1,390] ms
21-Nov-2025 11:40:57.841 INFO [main] org.apache.coyote.AbstractProtocol.start Starting ProtocolHandler ["http-nio-8080"]
21-Nov-2025 11:40:57.879 INFO [main] org.apache.catalina.startup.Catalina.start Server startup in [1557] milliseconds
21-Nov-2025 11:42:04.345 INFO [Thread-1] org.apache.coyote.AbstractProtocol.pause Pausing ProtocolHandler ["http-nio-8080"]
21-Nov-2025 11:42:04.368 INFO [Thread-1] org.apache.catalina.core.StandardService.stopInternal Stopping service [Catalina]
21-Nov-2025 11:42:04.386 INFO [Thread-1] org.apache.coyote.AbstractProtocol.stop Stopping ProtocolHandler ["http-nio-8080"]
21-Nov-2025 11:42:04.397 INFO [Thread-1] org.apache.coyote.AbstractProtocol.destroy Destroying ProtocolHandler ["http-nio-8080"]
